<?xml version="1.0" encoding="UTF-8"?>
<!-- Generated by org.testng.reporters.JUnitReportReporter -->
<testsuite hostname="Shivi" failures="0" tests="1" name="copy.masai.TestNGdemo" time="5.298" errors="0" timestamp="15 May 2024 03:32:55 GMT" skipped="0">
  <testcase classname="copy.masai.TestNGdemo" name="webtabletest" time="5.298"/>
</testsuite> <!-- copy.masai.TestNGdemo -->
